This is pdfeTeX, Version 3.141592-1.21a-2.2 (Web2C 7.5.4) (format=latex 2015.4.23)  28 JAN 2016 16:33
entering extended mode
**./images.tex
(./images.tex
LaTeX2e <2003/12/01>
Babel <v3.8d> and hyphenation patterns for american, french, german, ngerman, b
ahasa, basque, bulgarian, catalan, croatian, czech, danish, dutch, esperanto, e
stonian, finnish, greek, icelandic, irish, italian, latin, magyar, norsk, polis
h, portuges, romanian, russian, serbian, slovak, slovene, spanish, swedish, tur
kish, ukrainian, nohyphenation, loaded.

(/usr/share/texmf/tex/latex/base/article.cls
Document Class: article 2004/02/16 v1.4f Standard LaTeX document class
(/usr/share/texmf/tex/latex/base/size12.clo
File: size12.clo 2004/02/16 v1.4f Standard LaTeX file (size option)
)
\c@part=\count79
\c@section=\count80
\c@subsection=\count81
\c@subsubsection=\count82
\c@paragraph=\count83
\c@subparagraph=\count84
\c@figure=\count85
\c@table=\count86
\abovecaptionskip=\skip41
\belowcaptionskip=\skip42
\bibindent=\dimen102
) (/usr/share/texmf/tex/latex/base/ifthen.sty
Package: ifthen 2001/05/26 v1.1c Standard LaTeX ifthen package (DPC)
) (/usr/share/texmf/tex/latex/graphics/graphicx.sty
Package: graphicx 1999/02/16 v1.0f Enhanced LaTeX Graphics (DPC,SPQR)
(/usr/share/texmf/tex/latex/graphics/keyval.sty
Package: keyval 1999/03/16 v1.13 key=value parser (DPC)
\KV@toks@=\toks14
) (/usr/share/texmf/tex/latex/graphics/graphics.sty
Package: graphics 2001/07/07 v1.0n Standard LaTeX Graphics (DPC,SPQR)
(/usr/share/texmf/tex/latex/graphics/trig.sty
Package: trig 1999/03/16 v1.09 sin cos tan (DPC)
) (/usr/share/texmf/tex/latex/graphics/graphics.cfg
File: graphics.cfg 2005/02/03 v1.3 graphics configuration of teTeX/TeXLive
)
Package graphics Info: Driver file: dvips.def on input line 80.
(/usr/share/texmf/tex/latex/graphics/dvips.def
File: dvips.def 1999/02/16 v3.0i Driver-dependant file (DPC,SPQR)
))
\Gin@req@height=\dimen103
\Gin@req@width=\dimen104
) (/usr/share/texmf/tex/latex/graphics/color.sty
Package: color 1999/02/16 v1.0i Standard LaTeX Color (DPC)
(/usr/share/texmf/tex/latex/graphics/color.cfg
File: color.cfg 2005/02/03 v1.3 color configuration of teTeX/TeXLive
)
Package color Info: Driver file: dvips.def on input line 125.
(/usr/share/texmf/tex/latex/graphics/dvipsnam.def
File: dvipsnam.def 1999/02/16 v3.0i Driver-dependant file (DPC,SPQR)
)) (/usr/share/texmf/tex/latex/framed/framed.sty
Package: framed 2003/07/21 v 0.8a: framed or shaded text with page breaks
\FrameRule=\dimen105
\FrameSep=\dimen106
) (/usr/share/texmf/tex/latex/base/alltt.sty
Package: alltt 1997/06/16 v2.0g defines alltt environment
) (/home/hartleys/R/R3.2.2/lib/BiocStyle/resources/tex/Bioconductor.sty

LaTeX Warning: You have requested package `/home/hartleys/R/R3.2.2/lib/BiocStyl
e/resources/tex/Bioconductor',
               but the package provides `Bioconductor'.

Package: Bioconductor 2013/07/01 Bioconductor vignette style
(/usr/share/texmf/tex/latex/hyperref/hyperref.sty
Package: hyperref 2003/11/30 v6.74m Hypertext links for LaTeX
\@linkdim=\dimen107
\Hy@linkcounter=\count87
\Hy@pagecounter=\count88
(/usr/share/texmf/tex/latex/hyperref/pd1enc.def
File: pd1enc.def 2003/11/30 v6.74m Hyperref: PDFDocEncoding definition (HO)
) (/usr/share/texmf/tex/latex/hyperref/hyperref.cfg
File: hyperref.cfg 2002/06/06 v1.2 hyperref configuration of TeXLive and teTeX
)
Package hyperref Info: Option `pdfpagelabels' set `true' on input line 1830.
Package hyperref Info: Option `plainpages' set `false' on input line 1830.
Package hyperref Info: Option `bookmarks' set `true' on input line 1830.
Package hyperref Info: Option `bookmarksopen' set `true' on input line 1830.
Package hyperref Info: Option `bookmarksnumbered' set `true' on input line 1830
.
Package hyperref Info: Option `colorlinks' set `true' on input line 1830.
Package hyperref Info: Option `breaklinks' set `true' on input line 1830.
Package hyperref Info: Option `raiselinks' set `true' on input line 1830.
Package hyperref Info: Option `pdfusetitle' set `true' on input line 1830.
Package hyperref Info: Hyper figures OFF on input line 1880.
Package hyperref Info: Link nesting OFF on input line 1885.
Package hyperref Info: Hyper index ON on input line 1888.
Package hyperref Info: Plain pages OFF on input line 1895.
Package hyperref Info: Backreferencing OFF on input line 1900.
Implicit mode ON; LaTeX internals redefined
Package hyperref Info: Bookmarks ON on input line 2004.
(/usr/share/texmf/tex/latex/url/url.sty
\Urlmuskip=\muskip10
Package: url 2004/03/15  ver 3.1  Verb mode for urls, etc.
)
LaTeX Info: Redefining \url on input line 2143.
\Fld@menulength=\count89
\Field@Width=\dimen108
\Fld@charsize=\dimen109
\Choice@toks=\toks15
\Field@toks=\toks16
Package hyperref Info: Hyper figures OFF on input line 2618.
Package hyperref Info: Link nesting OFF on input line 2623.
Package hyperref Info: Hyper index ON on input line 2626.
Package hyperref Info: backreferencing OFF on input line 2633.
Package hyperref Info: Link coloring ON on input line 2636.
\Hy@abspage=\count90
\c@Item=\count91
\c@Hfootnote=\count92
)
*hyperref using driver hpdftex*
(/usr/share/texmf/tex/latex/hyperref/hpdftex.def
File: hpdftex.def 2003/11/30 v6.74m Hyperref driver for pdfTeX
(/usr/share/texmf/tex/latex/psnfss/pifont.sty
Package: pifont 2004/09/15 PSNFSS-v9.2 Pi font support (SPQR) 
LaTeX Font Info:    Try loading font information for U+pzd on input line 63.
(/usr/share/texmf/tex/latex/psnfss/upzd.fd
File: upzd.fd 2001/06/04 font definitions for U/pzd.
)
LaTeX Font Info:    Try loading font information for U+psy on input line 64.
(/usr/share/texmf/tex/latex/psnfss/upsy.fd
File: upsy.fd 2001/06/04 font definitions for U/psy.
))
\Fld@listcount=\count93
\@outlinefile=\write3
) (/usr/share/texmf/tex/latex/geometry/geometry.sty
Package: geometry 2002/07/08 v3.2 Page Geometry
\Gm@cnth=\count94
\Gm@cntv=\count95
\c@Gm@tempcnt=\count96
\Gm@bindingoffset=\dimen110
\Gm@wd@mp=\dimen111
\Gm@odd@mp=\dimen112
\Gm@even@mp=\dimen113
\Gm@dimlist=\toks17
(/usr/share/texmf/tex/latex/geometry/geometry.cfg)) (/usr/share/texmf/tex/latex
/sectsty/sectsty.sty
Package: sectsty 2002/02/25 v2.0.2 Commands to change all sectional heading sty
les
) (/usr/share/texmf/tex/latex/fancyhdr/fancyhdr.sty
\fancy@headwidth=\skip43
\f@ncyO@elh=\skip44
\f@ncyO@erh=\skip45
\f@ncyO@olh=\skip46
\f@ncyO@orh=\skip47
\f@ncyO@elf=\skip48
\f@ncyO@erf=\skip49
\f@ncyO@olf=\skip50
\f@ncyO@orf=\skip51
)

Package Fancyhdr Warning: \fancyhead's `E' option without twoside option is use
less on input line 51.


Package Fancyhdr Warning: \fancyhead's `E' option without twoside option is use
less on input line 52.

(/usr/share/texmf/tex/latex/enumitem/enumitem.sty
Package: enumitem 2004/07/19 v1.0 Customized lists
\labelindent=\skip52
\enit@outerparindent=\dimen114
) (/usr/share/texmf/tex/latex/parskip/parskip.sty
Package: parskip 2001/04/09 non-zero parskip adjustments
)) (/usr/share/texmf/tex/latex/cite/cite.sty
LaTeX Info: Redefining \cite on input line 149.
LaTeX Info: Redefining \nocite on input line 214.
Package: cite 2003/11/04  v 4.01
)
Package hyperref Info: Option `bookmarksopen' set `false' on input line 66.
(/usr/share/texmf/tex/latex/upquote/upquote.sty
Package: upquote 2003/08/11 v1.1 Covington's upright-quote modification to verb
atim and verb
(/usr/share/texmf/tex/latex/base/textcomp.sty
Package: textcomp 2004/02/22 v1.99f Standard LaTeX package
Package textcomp Info: Sub-encoding information:
(textcomp)               5 = only ISO-Adobe without \textcurrency
(textcomp)               4 = 5 + \texteuro
(textcomp)               3 = 4 + \textohm
(textcomp)               2 = 3 + \textestimated + \textcurrency
(textcomp)               1 = TS1 - \textcircled - \t
(textcomp)               0 = TS1 (full)
(textcomp)             Font families with sub-encoding setting implement
(textcomp)             only a restricted character set as indicated.
(textcomp)             Family '?' is the default used for unknown fonts.
(textcomp)             See the documentation for details.
Package textcomp Info: Setting ? sub-encoding to TS1/1 on input line 71.
(/usr/share/texmf/tex/latex/base/ts1enc.def
File: ts1enc.def 2001/06/05 v3.0e (jk/car/fm) Standard LaTeX file
)
LaTeX Info: Redefining \oldstylenums on input line 266.
Package textcomp Info: Setting cmr sub-encoding to TS1/0 on input line 281.
Package textcomp Info: Setting cmss sub-encoding to TS1/0 on input line 282.
Package textcomp Info: Setting cmtt sub-encoding to TS1/0 on input line 283.
Package textcomp Info: Setting cmvtt sub-encoding to TS1/0 on input line 284.
Package textcomp Info: Setting cmbr sub-encoding to TS1/0 on input line 285.
Package textcomp Info: Setting cmtl sub-encoding to TS1/0 on input line 286.
Package textcomp Info: Setting ccr sub-encoding to TS1/0 on input line 287.
Package textcomp Info: Setting ptm sub-encoding to TS1/4 on input line 288.
Package textcomp Info: Setting pcr sub-encoding to TS1/4 on input line 289.
Package textcomp Info: Setting phv sub-encoding to TS1/4 on input line 290.
Package textcomp Info: Setting ppl sub-encoding to TS1/3 on input line 291.
Package textcomp Info: Setting pag sub-encoding to TS1/4 on input line 292.
Package textcomp Info: Setting pbk sub-encoding to TS1/4 on input line 293.
Package textcomp Info: Setting pnc sub-encoding to TS1/4 on input line 294.
Package textcomp Info: Setting pzc sub-encoding to TS1/4 on input line 295.
Package textcomp Info: Setting bch sub-encoding to TS1/4 on input line 296.
Package textcomp Info: Setting put sub-encoding to TS1/5 on input line 297.
Package textcomp Info: Setting uag sub-encoding to TS1/5 on input line 298.
Package textcomp Info: Setting ugq sub-encoding to TS1/5 on input line 299.
Package textcomp Info: Setting ul8 sub-encoding to TS1/4 on input line 300.
Package textcomp Info: Setting ul9 sub-encoding to TS1/4 on input line 301.
Package textcomp Info: Setting augie sub-encoding to TS1/5 on input line 302.
Package textcomp Info: Setting dayrom sub-encoding to TS1/3 on input line 303.
Package textcomp Info: Setting dayroms sub-encoding to TS1/3 on input line 304.

Package textcomp Info: Setting pxr sub-encoding to TS1/0 on input line 305.
Package textcomp Info: Setting pxss sub-encoding to TS1/0 on input line 306.
Package textcomp Info: Setting pxtt sub-encoding to TS1/0 on input line 307.
Package textcomp Info: Setting txr sub-encoding to TS1/0 on input line 308.
Package textcomp Info: Setting txss sub-encoding to TS1/0 on input line 309.
Package textcomp Info: Setting txtt sub-encoding to TS1/0 on input line 310.
Package textcomp Info: Setting futs sub-encoding to TS1/4 on input line 311.
Package textcomp Info: Setting futx sub-encoding to TS1/4 on input line 312.
Package textcomp Info: Setting futj sub-encoding to TS1/4 on input line 313.
Package textcomp Info: Setting hlh sub-encoding to TS1/3 on input line 314.
Package textcomp Info: Setting hls sub-encoding to TS1/3 on input line 315.
Package textcomp Info: Setting hlst sub-encoding to TS1/3 on input line 316.
Package textcomp Info: Setting hlct sub-encoding to TS1/5 on input line 317.
Package textcomp Info: Setting hlx sub-encoding to TS1/5 on input line 318.
Package textcomp Info: Setting hlce sub-encoding to TS1/5 on input line 319.
Package textcomp Info: Setting hlcn sub-encoding to TS1/5 on input line 320.
Package textcomp Info: Setting hlcw sub-encoding to TS1/5 on input line 321.
Package textcomp Info: Setting hlcf sub-encoding to TS1/5 on input line 322.
Package textcomp Info: Setting pplx sub-encoding to TS1/3 on input line 323.
Package textcomp Info: Setting pplj sub-encoding to TS1/3 on input line 324.
Package textcomp Info: Setting ptmx sub-encoding to TS1/4 on input line 325.
Package textcomp Info: Setting ptmj sub-encoding to TS1/4 on input line 326.
)) (/usr/share/texmf/tex/latex/base/inputenc.sty
Package: inputenc 2004/02/05 v1.0d Input encoding file
)
\sizebox=\box26
\lthtmlwrite=\write4
(./images.aux)
\openout1 = `images.aux'.

LaTeX Font Info:    Checking defaults for OML/cmm/m/it on input line 239.
LaTeX Font Info:    ... okay on input line 239.
LaTeX Font Info:    Checking defaults for T1/cmr/m/n on input line 239.
LaTeX Font Info:    ... okay on input line 239.
LaTeX Font Info:    Checking defaults for OT1/cmr/m/n on input line 239.
LaTeX Font Info:    ... okay on input line 239.
LaTeX Font Info:    Checking defaults for OMS/cmsy/m/n on input line 239.
LaTeX Font Info:    ... okay on input line 239.
LaTeX Font Info:    Checking defaults for OMX/cmex/m/n on input line 239.
LaTeX Font Info:    ... okay on input line 239.
LaTeX Font Info:    Checking defaults for U/cmr/m/n on input line 239.
LaTeX Font Info:    ... okay on input line 239.
LaTeX Font Info:    Checking defaults for PD1/pdf/m/n on input line 239.
LaTeX Font Info:    ... okay on input line 239.
LaTeX Font Info:    Checking defaults for TS1/cmr/m/n on input line 239.
LaTeX Font Info:    Try loading font information for TS1+cmr on input line 239.

(/usr/share/texmf/tex/latex/base/ts1cmr.fd
File: ts1cmr.fd 1999/05/25 v2.5h Standard LaTeX font definitions
)
LaTeX Font Info:    ... okay on input line 239.
Package hyperref Info: Link coloring ON on input line 239.
(/usr/share/texmf/tex/latex/hyperref/nameref.sty
Package: nameref 2003/12/03 v2.21 Cross-referencing by name of section
\c@section@level=\count97
)
LaTeX Info: Redefining \ref on input line 239.
LaTeX Info: Redefining \pageref on input line 239.
\openout3 = `images.out'.

-------------------- Geometry parameters
paper: class default
landscape: --
twocolumn: --
twoside: --
asymmetric: --
h-parts: 56.9055pt, 500.484pt, 56.9055pt
v-parts: 71.13188pt, 652.70622pt, 71.13188pt
hmarginratio: --
vmarginratio: --
lines: --
heightrounded: --
bindingoffset: 0.0pt
truedimen: --
includehead: --
includefoot: --
includemp: --
driver: pdftex
-------------------- Page layout dimensions and switches
\paperwidth  614.295pt
\paperheight 794.96999pt
\textwidth  349.0pt
\textheight 681.56812pt
\oddsidemargin  -15.36449pt
\evensidemargin -15.36449pt
\topmargin  0.0pt
\headheight 0.0pt
\headsep    0.0pt
\footskip   0.0pt
\marginparwidth 44.0pt
\marginparsep   10.0pt
\columnsep  10.0pt
\skip\footins  10.8pt plus 4.0pt minus 2.0pt
\hoffset 0.0pt
\voffset 0.0pt
\mag 1000

(1in=72.27pt, 1cm=28.45pt)
-----------------------

(/home/hartleys/UTILS/BuildRelease/QoRTs_1.0.7/QoRTs/vignettes/QoRTs-vignette.a
ux

LaTeX Warning: Label `sec:praeludium' multiply defined.


LaTeX Warning: Label `sec:reqs' multiply defined.


LaTeX Warning: Label `sec:install' multiply defined.


LaTeX Warning: Label `sec:recs' multiply defined.


LaTeX Warning: Label `sec:prep' multiply defined.


LaTeX Warning: Label `sec:aln' multiply defined.


LaTeX Warning: Label `sec:sort' multiply defined.


LaTeX Warning: Label `sec:quickstart' multiply defined.


LaTeX Warning: Label `sec:dataset' multiply defined.


LaTeX Warning: Label `subsec:exampledata' multiply defined.


LaTeX Warning: Label `sec:initialProcessing' multiply defined.


LaTeX Warning: Label `sec:memUsage' multiply defined.


LaTeX Warning: Label `sec:visualization' multiply defined.


LaTeX Warning: Label `subsec:plotterDesc' multiply defined.


LaTeX Warning: Label `subsec:plotterDesc1' multiply defined.


LaTeX Warning: Label `figure/plotterExamples-1' multiply defined.


LaTeX Warning: Label `plotterExamples-1-fig' multiply defined.


LaTeX Warning: Label `figure/compileSummaryPlots1' multiply defined.


LaTeX Warning: Label `compileSummaryPlots1-fig' multiply defined.


LaTeX Warning: Label `subsec:plotterDesc2' multiply defined.


LaTeX Warning: Label `figure/plotterExamples-2' multiply defined.


LaTeX Warning: Label `plotterExamples-2-fig' multiply defined.


LaTeX Warning: Label `subsec:plotterDesc2b' multiply defined.


LaTeX Warning: Label `figure/plotterExamples-2b' multiply defined.


LaTeX Warning: Label `plotterExamples-2b-fig' multiply defined.


LaTeX Warning: Label `subsec:plotterDesc3' multiply defined.


LaTeX Warning: Label `figure/plotterExamples-3' multiply defined.


LaTeX Warning: Label `plotterExamples-3-fig' multiply defined.


LaTeX Warning: Label `subsec:plotterDesc4' multiply defined.


LaTeX Warning: Label `figure/plotterExamples-4' multiply defined.


LaTeX Warning: Label `plotterExamples-4-fig' multiply defined.


LaTeX Warning: Label `subsec:plotterDesc5' multiply defined.


LaTeX Warning: Label `figure/plotterExamples-5' multiply defined.


LaTeX Warning: Label `plotterExamples-5-fig' multiply defined.


LaTeX Warning: Label `subsec:plotDesc' multiply defined.


LaTeX Warning: Label `subsec:plotDesc-1' multiply defined.


LaTeX Warning: Label `figure/indivPlot-1' multiply defined.


LaTeX Warning: Label `indivPlot-1-fig' multiply defined.


LaTeX Warning: Label `subsec:plotDesc-2' multiply defined.


LaTeX Warning: Label `figure/indivPlot-2' multiply defined.


LaTeX Warning: Label `indivPlot-2-fig' multiply defined.


LaTeX Warning: Label `subsec:plotDesc-3' multiply defined.


LaTeX Warning: Label `figure/indivPlot-3' multiply defined.


LaTeX Warning: Label `indivPlot-3-fig' multiply defined.


LaTeX Warning: Label `subsec:plotDesc-4' multiply defined.


LaTeX Warning: Label `figure/indivPlot-4' multiply defined.


LaTeX Warning: Label `indivPlot-4-fig' multiply defined.


LaTeX Warning: Label `subsec:plotDesc-8' multiply defined.


LaTeX Warning: Label `figure/indivPlot-8' multiply defined.


LaTeX Warning: Label `indivPlot-8-fig' multiply defined.


LaTeX Warning: Label `subsec:plotDesc-5' multiply defined.


LaTeX Warning: Label `figure/indivPlot-5' multiply defined.


LaTeX Warning: Label `indivPlot-5-fig' multiply defined.


LaTeX Warning: Label `subsec:plotDesc-7' multiply defined.


LaTeX Warning: Label `figure/indivPlot-7' multiply defined.


LaTeX Warning: Label `indivPlot-7-fig' multiply defined.


LaTeX Warning: Label `subsec:plotDesc-6' multiply defined.


LaTeX Warning: Label `figure/indivPlot-6' multiply defined.


LaTeX Warning: Label `indivPlot-6-fig' multiply defined.


LaTeX Warning: Label `subsec:plotDesc-9' multiply defined.


LaTeX Warning: Label `figure/indivPlot-9' multiply defined.


LaTeX Warning: Label `indivPlot-9-fig' multiply defined.


LaTeX Warning: Label `subsec:plotDesc-10' multiply defined.


LaTeX Warning: Label `figure/indivPlot-10' multiply defined.


LaTeX Warning: Label `indivPlot-10-fig' multiply defined.


LaTeX Warning: Label `subsec:plotDesc-10b' multiply defined.


LaTeX Warning: Label `figure/indivPlot-10b' multiply defined.


LaTeX Warning: Label `indivPlot-10b-fig' multiply defined.


LaTeX Warning: Label `subsec:plotDesc-11' multiply defined.


LaTeX Warning: Label `figure/indivPlot-11' multiply defined.


LaTeX Warning: Label `indivPlot-11-fig' multiply defined.


LaTeX Warning: Label `subsec:plotDesc-11b' multiply defined.


LaTeX Warning: Label `figure/indivPlot-11b' multiply defined.


LaTeX Warning: Label `indivPlot-11b-fig' multiply defined.


LaTeX Warning: Label `subsec:plotDesc-12' multiply defined.


LaTeX Warning: Label `figure/indivPlot-12' multiply defined.


LaTeX Warning: Label `indivPlot-12-fig' multiply defined.


LaTeX Warning: Label `subsec:plotDesc-13' multiply defined.


LaTeX Warning: Label `figure/indivPlot-13' multiply defined.


LaTeX Warning: Label `indivPlot-13-fig' multiply defined.


LaTeX Warning: Label `subsec:plotDesc-14d' multiply defined.


LaTeX Warning: Label `figure/indivPlot-14d' multiply defined.


LaTeX Warning: Label `indivPlot-14d-fig' multiply defined.


LaTeX Warning: Label `subsec:plotDesc-14' multiply defined.


LaTeX Warning: Label `figure/indivPlot-14' multiply defined.


LaTeX Warning: Label `indivPlot-14-fig' multiply defined.


LaTeX Warning: Label `subsec:plotDesc-14c' multiply defined.


LaTeX Warning: Label `figure/indivPlot-14c' multiply defined.


LaTeX Warning: Label `indivPlot-14c-fig' multiply defined.


LaTeX Warning: Label `subsec:plotDesc-14b' multiply defined.


LaTeX Warning: Label `figure/indivPlot-14b' multiply defined.


LaTeX Warning: Label `indivPlot-14b-fig' multiply defined.


LaTeX Warning: Label `subsec:plotDesc-15' multiply defined.


LaTeX Warning: Label `figure/indivPlot-15' multiply defined.


LaTeX Warning: Label `indivPlot-15-fig' multiply defined.


LaTeX Warning: Label `subsec:plotDesc-17' multiply defined.


LaTeX Warning: Label `figure/indivPlot-17' multiply defined.


LaTeX Warning: Label `indivPlot-17-fig' multiply defined.


LaTeX Warning: Label `subsec:plotDesc-18' multiply defined.


LaTeX Warning: Label `figure/indivPlot-18' multiply defined.


LaTeX Warning: Label `indivPlot-18-fig' multiply defined.


LaTeX Warning: Label `subsec:plotDesc-19' multiply defined.


LaTeX Warning: Label `figure/indivPlot-19' multiply defined.


LaTeX Warning: Label `indivPlot-19-fig' multiply defined.


LaTeX Warning: Label `subsec:plotDesc-19b' multiply defined.


LaTeX Warning: Label `figure/indivPlot-19b' multiply defined.


LaTeX Warning: Label `indivPlot-19b-fig' multiply defined.


LaTeX Warning: Label `subsec:plotDesc-20' multiply defined.


LaTeX Warning: Label `figure/indivPlot-20' multiply defined.


LaTeX Warning: Label `indivPlot-20-fig' multiply defined.


LaTeX Warning: Label `subsec:plotDesc-25' multiply defined.


LaTeX Warning: Label `figure/indivPlot-25' multiply defined.


LaTeX Warning: Label `indivPlot-25-fig' multiply defined.


LaTeX Warning: Label `subsec:plotDesc-26' multiply defined.


LaTeX Warning: Label `sec:exampleBad' multiply defined.


LaTeX Warning: Label `sec:caseStudy1' multiply defined.


LaTeX Warning: Label `figure/exampleFail-1.png' multiply defined.


LaTeX Warning: Label `exampleFail-1.png-fig' multiply defined.


LaTeX Warning: Label `sec:caseStudy2' multiply defined.


LaTeX Warning: Label `figure/exampleFail-2.png' multiply defined.


LaTeX Warning: Label `exampleFail-2.png-fig' multiply defined.


LaTeX Warning: Label `sec:minorUtils' multiply defined.


LaTeX Warning: Label `sec:flatAnnoGen' multiply defined.


LaTeX Warning: Label `sec:mergeCounts' multiply defined.


LaTeX Warning: Label `sec:wigglePlots' multiply defined.


LaTeX Warning: Label `figure/CASE-tracks.png' multiply defined.


LaTeX Warning: Label `CASE-tracks.png-fig' multiply defined.


LaTeX Warning: Label `sec:useWithOtherTools' multiply defined.


LaTeX Warning: Label `QoRTs' multiply defined.


LaTeX Warning: Label `DESeq' multiply defined.


LaTeX Warning: Label `DESeq2' multiply defined.


LaTeX Warning: Label `edgeR' multiply defined.


LaTeX Warning: Label `sec:noteOnDex' multiply defined.


LaTeX Warning: Label `DEXSeq' multiply defined.


LaTeX Warning: Label `STAR' multiply defined.


LaTeX Warning: Label `GSNAP' multiply defined.


LaTeX Warning: Label `TopHat2' multiply defined.


LaTeX Warning: Label `edgeRsoftware' multiply defined.


LaTeX Warning: Label `edgeRGLM' multiply defined.


LaTeX Warning: Label `sec:legal' multiply defined.

)

latex2htmlLength hsize=349.0pt

latex2htmlLength vsize=681.56812pt

latex2htmlLength hoffset=0.0pt

latex2htmlLength voffset=0.0pt

latex2htmlLength topmargin=0.0pt

latex2htmlLength topskip=0.00003pt

latex2htmlLength headheight=0.0pt

latex2htmlLength headsep=0.0pt

latex2htmlLength parskip=0.0pt

latex2htmlLength oddsidemargin=-15.36449pt

latex2htmlLength evensidemargin=-15.36449pt


LaTeX Font Warning: Font shape `OT1/cmss/m/it' in size <12> not available
(Font)              Font shape `OT1/cmss/m/sl' tried instead on input line 287.


! Undefined control sequence.
\itemize -> \olditemize 
                        \setlength {\itemsep }{1pt} \setlength {\parskip }{0...
l.290   \begin{itemize}
                        \small
The control sequence at the end of the top line
of your error message was never \def'ed. If you have
misspelled it (e.g., `\hobx'), type `I' and the correct
spelling (e.g., `I\hbox'). Otherwise just continue,
and I'll forget about whatever was undefined.


! LaTeX Error: Lonely \item--perhaps a missing list environment.

See the LaTeX manual or LaTeX Companion for explanation.
Type  H <return>  for immediate help.
 ...                                              
                                                  
l.291     \item \textbf
                       {"Spikes"}: In which one of the metrics jumps up or d...

Try typing  <return>  to proceed.
If that doesn't work, type  X <return>  to quit.


Underfull \hbox (badness 10000) detected at line 291
[][]
 []


! LaTeX Error: Lonely \item--perhaps a missing list environment.

See the LaTeX manual or LaTeX Companion for explanation.
Type  H <return>  for immediate help.
 ...                                              
                                                  
l.292     \item \textbf
                       {"Shelves"}: In which one of the metrics jumps up or ...

Try typing  <return>  to proceed.
If that doesn't work, type  X <return>  to quit.


Underfull \hbox (badness 10000) detected at line 292
[][]
 []


! LaTeX Error: Lonely \item--perhaps a missing list environment.

See the LaTeX manual or LaTeX Companion for explanation.
Type  H <return>  for immediate help.
 ...                                              
                                                  
l.293     \item \textbf
                       {Outliers}: In which one or more particular samples o...

Try typing  <return>  to proceed.
If that doesn't work, type  X <return>  to quit.


Underfull \hbox (badness 10000) detected at line 293
[][]
 []


! LaTeX Error: Lonely \item--perhaps a missing list environment.

See the LaTeX manual or LaTeX Companion for explanation.
Type  H <return>  for immediate help.
 ...                                              
                                                  
l.294     \item \textbf
                       {Systematic Biases}: In which consistent differences ...

Try typing  <return>  to proceed.
If that doesn't work, type  X <return>  to quit.


Underfull \hbox (badness 10000) detected at line 294
[][]
 []


! LaTeX Error: Lonely \item--perhaps a missing list environment.

See the LaTeX manual or LaTeX Companion for explanation.
Type  H <return>  for immediate help.
 ...                                              
                                                  
l.295     \item \textbf
                       {Inconsistent samples}: In which the technical replic...

Try typing  <return>  to proceed.
If that doesn't work, type  X <return>  to quit.


Underfull \hbox (badness 10000) detected at line 295
[][]
 []

*** image for framed812 is too tall at 663.93344pt, reducing to .95 vsize ***
l2hSize :framed812:647.48763pt::0.0pt::349.0pt.
[1
Non-PDF special ignored!
Non-PDF special ignored!

Non-PDF special ignored!


{/usr/share/texmf-var/fonts/map/pdftex/updmap/pdftex.map}
Non-PDF special ignored!
Non-PDF special ignored!
Non-PDF special ignored!
Non-PDF special ignored!
Non-PDF special ignored!
Non-PDF special ignored!
Non-PDF special ignored!
Non-PDF special ignored!
Non-PDF special ignored!
Non-PDF special ignored!
Non-PDF special ignored!
Non-PDF special ignored!]

LaTeX Font Warning: Font shape `OT1/cmss/m/it' in size <10.95> not available
(Font)              Font shape `OT1/cmss/m/sl' tried instead on input line 325.


l2hSize :framed860:97.14166pt::0.0pt::349.0pt.
[2
Non-PDF special ignored!
Non-PDF special ignored!


Non-PDF special ignored!
Non-PDF special ignored!]
l2hSize :framed877:83.54166pt::0.0pt::349.0pt.
[3
Non-PDF special ignored!
Non-PDF special ignored!


Non-PDF special ignored!
Non-PDF special ignored!]
l2hSize :framed895:69.18124pt::0.0pt::349.0pt.
[4
Non-PDF special ignored!
Non-PDF special ignored!


Non-PDF special ignored!
Non-PDF special ignored!]
l2hSize :framed922:178.7417pt::0.0pt::349.0pt.
[5
Non-PDF special ignored!
Non-PDF special ignored!


Non-PDF special ignored!
Non-PDF special ignored!
Non-PDF special ignored!
Non-PDF special ignored!]
l2hSize :framed946:108.00418pt::0.0pt::349.0pt.
[6
Non-PDF special ignored!
Non-PDF special ignored!


Non-PDF special ignored!
Non-PDF special ignored!
Non-PDF special ignored!
Non-PDF special ignored!]
l2hSize :framed969:123.73335pt::0.0pt::349.0pt.
[7
Non-PDF special ignored!
Non-PDF special ignored!


Non-PDF special ignored!
Non-PDF special ignored!]
l2hSize :framed986:121.60419pt::0.0pt::349.0pt.
[8
Non-PDF special ignored!
Non-PDF special ignored!


Non-PDF special ignored!
Non-PDF special ignored!]
l2hSize :framed1016:219.54173pt::0.0pt::349.0pt.
[9
Non-PDF special ignored!
Non-PDF special ignored!


Non-PDF special ignored!
Non-PDF special ignored!]
Underfull \hbox (badness 1253) in paragraph at lines 436--437
[]\OT1/cmss/m/n/10.95 Or tech-ni-cal is-sues: These plots will of-ten re-veal i
n-ef-fi-ciency of
 []

l2hSize :framed1033:192.3417pt::0.0pt::349.0pt.
[10
Non-PDF special ignored!
Non-PDF special ignored!


Non-PDF special ignored!
Non-PDF special ignored!]
l2hSize :framed1051:69.33333pt::0.0pt::349.0pt.
[11
Non-PDF special ignored!
Non-PDF special ignored!


Non-PDF special ignored!
Non-PDF special ignored!]
l2hSize :framed1071:82.93333pt::0.0pt::349.0pt.
[12
Non-PDF special ignored!
Non-PDF special ignored!


Non-PDF special ignored!
Non-PDF special ignored!]
l2hSize :framed1100:42.13332pt::0.0pt::349.0pt.
[13
Non-PDF special ignored!
Non-PDF special ignored!


Non-PDF special ignored!
Non-PDF special ignored!]
l2hSize :framed1160:69.33333pt::0.0pt::349.0pt.
[14
Non-PDF special ignored!
Non-PDF special ignored!


Non-PDF special ignored!
Non-PDF special ignored!]
l2hSize :framed1181:246.1334pt::0.0pt::349.0pt.
[15
Non-PDF special ignored!
Non-PDF special ignored!


Non-PDF special ignored!
Non-PDF special ignored!]
l2hSize :framed1199:121.60419pt::0.0pt::349.0pt.
[16
Non-PDF special ignored!
Non-PDF special ignored!


Non-PDF special ignored!
Non-PDF special ignored!
Non-PDF special ignored!
Non-PDF special ignored!]
l2hSize :framed1218:162.4042pt::0.0pt::349.0pt.
[17
Non-PDF special ignored!
Non-PDF special ignored!


Non-PDF special ignored!
Non-PDF special ignored!
Non-PDF special ignored!
Non-PDF special ignored!]
l2hSize :framed1236:162.4042pt::0.0pt::349.0pt.
[18
Non-PDF special ignored!
Non-PDF special ignored!


Non-PDF special ignored!
Non-PDF special ignored!
Non-PDF special ignored!
Non-PDF special ignored!]
l2hSize :framed1254:121.60419pt::0.0pt::349.0pt.
[19
Non-PDF special ignored!
Non-PDF special ignored!


Non-PDF special ignored!
Non-PDF special ignored!
Non-PDF special ignored!
Non-PDF special ignored!]
l2hSize :framed1273:69.33333pt::0.0pt::349.0pt.
[20
Non-PDF special ignored!
Non-PDF special ignored!


Non-PDF special ignored!
Non-PDF special ignored!]
l2hSize :framed1293:55.73332pt::0.0pt::349.0pt.
[21
Non-PDF special ignored!
Non-PDF special ignored!


Non-PDF special ignored!
Non-PDF special ignored!]
l2hSize :framed1312:110.13335pt::0.0pt::349.0pt.
[22
Non-PDF special ignored!
Non-PDF special ignored!


Non-PDF special ignored!
Non-PDF special ignored!]
l2hSize :framed1331:55.73332pt::0.0pt::349.0pt.
[23
Non-PDF special ignored!
Non-PDF special ignored!


Non-PDF special ignored!
Non-PDF special ignored!]
l2hSize :framed1350:42.13332pt::0.0pt::349.0pt.
[24
Non-PDF special ignored!
Non-PDF special ignored!


Non-PDF special ignored!
Non-PDF special ignored!]
l2hSize :framed1367:40.00415pt::0.0pt::349.0pt.
[25
Non-PDF special ignored!
Non-PDF special ignored!


Non-PDF special ignored!
Non-PDF special ignored!]
l2hSize :framed1384:69.94167pt::0.0pt::349.0pt.
[26
Non-PDF special ignored!
Non-PDF special ignored!


Non-PDF special ignored!
Non-PDF special ignored!]
l2hSize :framed1550:35.96664pt::0.0pt::349.0pt.
[27
Non-PDF special ignored!
Non-PDF special ignored!


Non-PDF special ignored!
Non-PDF special ignored!
Non-PDF special ignored!
Non-PDF special ignored!] (./images.aux)

LaTeX Warning: There were multiply-defined labels.

 ) 
Here is how much of TeX's memory you used:
 3979 strings out of 94501
 56485 string characters out of 1176789
 112553 words of memory out of 1000000
 7078 multiletter control sequences out of 10000+50000
 6418 words of font info for 23 fonts, out of 500000 for 2000
 580 hyphenation exceptions out of 1000
 34i,7n,45p,719b,360s stack positions out of 1500i,500n,5000p,200000b,5000s
PDF statistics:
 146 PDF objects out of 300000
 31 named destinations out of 131072
 17 words of extra memory for PDF output out of 65536

! pdfTeX warning (dest): name{subsubsection.8.4.15} has been referenced but doe
s not exist, replaced by a fixed one

! pdfTeX warning (dest): name{subsubsection.8.4.4} has been referenced but does
 not exist, replaced by a fixed one

! pdfTeX warning (dest): name{subsubsection.8.4.5} has been referenced but does
 not exist, replaced by a fixed one

</usr/share/texmf/fonts/type1/bluesky/cm/cmtt12.pfb></usr/share/texmf/fonts/typ
e1/bluesky/cm/cmssi10.pfb></usr/share/texmf/fonts/type1/bluesky/cm/cmss10.pfb><
/usr/share/texmf/fonts/type1/bluesky/cm/cmssbx10.pfb></usr/share/texmf/fonts/ty
pe1/bluesky/cm/cmss12.pfb></usr/share/texmf/fonts/type1/bluesky/cm/cmssi12.pfb>
Output written on images.pdf (27 pages, 76520 bytes).
